{
  "RSpec": {
    "coverage": {
      "E:/test_task/spending_tracker_app/spec/models/category_spec.rb": {
        "lines": [
          1,
          2,
          2,
          1,
          1,
          null,
          null
        ]
      },
      "E:/test_task/spending_tracker_app/spec/models/records_spec.rb": {
        "lines": [
          1,
          3,
          3,
          3,
          3,
          3,
          3,
          1,
          1,
          null,
          1,
          1,
          null,
          null
        ]
      },
      "E:/test_task/spending_tracker_app/spec/operations/category_operation_spec.rb": {
        "lines": [
          1,
          2,
          1,
          2,
          2,
          2,
          2,
          1,
          1,
          1,
          1,
          1,
          null,
          1,
          1,
          null,
          null,
          1,
          4,
          null,
          null,
          null
        ]
      },
      "E:/test_task/spending_tracker_app/spec/operations/record_operation_spec.rb": {
        "lines": [
          1,
          null,
          1,
          3,
          1,
          3,
          3,
          3,
          3,
          1,
          3,
          3,
          3,
          1,
          1,
          2,
          2,
          2,
          2,
          2,
          null,
          1,
          2,
          null,
          null,
          1,
          4,
          null,
          null,
          1,
          4,
          null,
          null,
          null
        ]
      },
      "E:/test_task/spending_tracker_app/spec/operations/statistics_spec.rb": {
        "lines": [
          1,
          null,
          1,
          11,
          11,
          11,
          11,
          11,
          3,
          2,
          11,
          4,
          11,
          11,
          11,
          1,
          1,
          4,
          4,
          4,
          null,
          1,
          1,
          1,
          1,
          null,
          null,
          1,
          1,
          null,
          null,
          null,
          1,
          1,
          1,
          null,
          null,
          null,
          null,
          1,
          null,
          1,
          1,
          null,
          null,
          null,
          null,
          1,
          1,
          6,
          6,
          6,
          null,
          1,
          1,
          1,
          null,
          null,
          1,
          1,
          null,
          null,
          null,
          1,
          1,
          1,
          null,
          null,
          1,
          1,
          null,
          null,
          null,
          1,
          1,
          1,
          null,
          null,
          1,
          1,
          null,
          null,
          null,
          null
        ]
      },
      "E:/test_task/spending_tracker_app/spec/users/user_login_spec.rb": {
        "lines": [
          1,
          3,
          3,
          3,
          3,
          3,
          3,
          1,
          1,
          1,
          null,
          1,
          1,
          null,
          null,
          1,
          1,
          1,
          null,
          1,
          1,
          1,
          null,
          null,
          null
        ]
      },
      "E:/test_task/spending_tracker_app/spec/users/user_registration_spec.rb": {
        "lines": [
          1,
          2,
          2,
          2,
          2,
          2,
          1,
          1,
          1,
          null,
          1,
          1,
          null,
          null,
          null
        ]
      },
      "E:/test_task/spending_tracker_app/spec/users/user_spec.rb": {
        "lines": [
          1,
          null,
          1,
          7,
          7,
          7,
          7,
          4,
          4,
          2,
          2,
          7,
          1,
          1,
          1,
          null,
          null,
          null,
          1,
          1,
          3,
          3,
          null,
          1,
          1,
          null,
          1,
          1,
          null,
          1,
          2,
          1,
          1,
          null,
          null,
          null,
          1,
          1,
          1,
          null,
          1,
          1,
          null,
          null,
          null
        ]
      },
      "E:/test_task/spending_tracker_app/spec/view/console/console_spec.rb": {
        "lines": [
          null,
          null,
          null,
          null,
          null,
          null,
          null,
          null,
          null,
          null,
          null,
          null
        ]
      }
    },
    "timestamp": 1662549755
  }
}
